Release 14.6 Map P.68d (nt64)
Xilinx Mapping Report File for Design 'Cordic'

Design Information
------------------
Command Line   : map -intstyle ise -p xc6slx75-fgg484-3 -w -logic_opt off -ol
high -t 1 -xt 0 -register_duplication off -r 4 -global_opt off -mt off -ir off
-pr off -lc off -power off -o Cordic_map.ncd Cordic.ngd Cordic.pcf 
Target Device  : xc6slx75
Target Package : fgg484
Target Speed   : -3
Mapper Version : spartan6 -- $Revision: 1.55 $
Mapped Date    : Thu Aug 15 10:02:25 2013

Design Summary
--------------
Number of errors:      0
Number of warnings:    0
Slice Logic Utilization:
  Number of Slice Registers:                   136 out of  93,296    1%
    Number used as Flip Flops:                   0
    Number used as Latches:                      0
    Number used as Latch-thrus:                  0
    Number used as AND/OR logics:              136
  Number of Slice LUTs:                      7,866 out of  46,648   16%
    Number used as logic:                    7,845 out of  46,648   16%
      Number using O6 output only:           4,443
      Number using O5 output only:               7
      Number using O5 and O6:                3,395
      Number used as ROM:                        0
    Number used as Memory:                       0 out of  11,072    0%
    Number used exclusively as route-thrus:     21
      Number with same-slice register load:      0
      Number with same-slice carry load:        21
      Number with other load:                    0

Slice Logic Distribution:
  Number of occupied Slices:                 2,370 out of  11,662   20%
  Number of MUXCYs used:                     6,824 out of  23,324   29%
  Number of LUT Flip Flop pairs used:        7,866
    Number with an unused Flip Flop:         7,730 out of   7,866   98%
    Number with an unused LUT:                   0 out of   7,866    0%
    Number of fully used LUT-FF pairs:         136 out of   7,866    1%
    Number of slice register sites lost
      to control set restrictions:               0 out of  93,296    0%

  A LUT Flip Flop pair for this architecture represents one LUT paired with
  one Flip Flop within a slice.  A control set is a unique combination of
  clock, reset, set, and enable signals for a registered element.
  The Slice Logic Distribution report is not meaningful if the design is
  over-mapped for a non-slice resource or if Placement fails.

IO Utilization:
  Number of bonded IOBs:                       136 out of     280   48%

Specific Feature Utilization:
  Number of RAMB16BWERs:                         0 out of     172    0%
  Number of RAMB8BWERs:                          0 out of     344    0%
  Number of BUFIO2/BUFIO2_2CLKs:                 0 out of      32    0%
  Number of BUFIO2FB/BUFIO2FB_2CLKs:             0 out of      32    0%
  Number of BUFG/BUFGMUXs:                       0 out of      16    0%
  Number of DCM/DCM_CLKGENs:                     0 out of      12    0%
  Number of ILOGIC2/ISERDES2s:                   0 out of     442    0%
  Number of IODELAY2/IODRP2/IODRP2_MCBs:         0 out of     442    0%
  Number of OLOGIC2/OSERDES2s:                   0 out of     442    0%
  Number of BSCANs:                              0 out of       4    0%
  Number of BUFHs:                               0 out of     384    0%
  Number of BUFPLLs:                             0 out of       8    0%
  Number of BUFPLL_MCBs:                         0 out of       4    0%
  Number of DSP48A1s:                            0 out of     132    0%
  Number of ICAPs:                               0 out of       1    0%
  Number of MCBs:                                0 out of       4    0%
  Number of PCILOGICSEs:                         0 out of       2    0%
  Number of PLL_ADVs:                            0 out of       6    0%
  Number of PMVs:                                0 out of       1    0%
  Number of STARTUPs:                            0 out of       1    0%
  Number of SUSPEND_SYNCs:                       0 out of       1    0%

Average Fanout of Non-Clock Nets:                3.15

Peak Memory Usage:  626 MB
Total REAL time to MAP completion:  43 secs 
Total CPU time to MAP completion:   42 secs 

Table of Contents
-----------------
Section 1 - Errors
Section 2 - Warnings
Section 3 - Informational
Section 4 - Removed Logic Summary
Section 5 - Removed Logic
Section 6 - IOB Properties
Section 7 - RPMs
Section 8 - Guide Report
Section 9 - Area Group and Partition Summary
Section 10 - Timing Report
Section 11 - Configuration String Information
Section 12 - Control Set Information
Section 13 - Utilization by Hierarchy

Section 1 - Errors
------------------

Section 2 - Warnings
--------------------

Section 3 - Informational
-------------------------
INFO:LIT:243 - Logical network rot_angle<31> has no load.
INFO:LIT:395 - The above info message is repeated 23 more times for the
   following (max. 5 shown):
   rot_angle<30>,
   rot_angle<29>,
   rot_angle<28>,
   rot_angle<27>,
   rot_angle<26>
   To see the details of these info messages, please use the -detail switch.
INFO:MapLib:562 - No environment variables are currently set.
INFO:LIT:244 - All of the single ended outputs in this design are using slew
   rate limited output drivers. The delay on speed critical single ended outputs
   can be dramatically reduced by designating them as fast outputs.
INFO:Pack:1716 - Initializing temperature to 85.000 Celsius. (default - Range:
   0.000 to 85.000 Celsius)
INFO:Pack:1720 - Initializing voltage to 1.140 Volts. (default - Range: 1.140 to
   1.260 Volts)
INFO:Map:215 - The Interim Design Summary has been generated in the MAP Report
   (.mrp).
INFO:Pack:1650 - Map created a placed design.

Section 4 - Removed Logic Summary
---------------------------------
   6 block(s) removed
   2 block(s) optimized away

Section 5 - Removed Logic
-------------------------

The trimmed logic report below shows the logic removed from your design due to
sourceless or loadless signals, and VCC or ground connections.  If the removal
of a signal or symbol results in the subsequent removal of an additional signal
or symbol, the message explaining that second removal will be indented.  This
indentation will be repeated as a chain of related logic is removed.

To quickly locate the original cause for the removal of a chain of logic, look
above the place where that logic is listed in the trimming report, then locate
the lines that are least indented (begin at the leftmost edge).

Loadless block "ADDERTREE_INTERNAL_Madd1331" (ROM) removed.
Loadless block "ADDERTREE_INTERNAL_Madd229" (ROM) removed.
Loadless block "ADDERTREE_INTERNAL_Madd529" (ROM) removed.
Loadless block "ADDERTREE_INTERNAL_Madd930" (ROM) removed.
Loadless block "Msub_Vectoring.round_x<21:0>21" (ROM) removed.
Loadless block "Msub_n0552_Madd30" (ROM) removed.

Optimized Block(s):
TYPE 		BLOCK
GND 		XST_GND
VCC 		XST_VCC

To enable printing of redundant blocks removed and signals merged, set the
detailed map report option and rerun map.

Section 6 - IOB Properties
--------------------------

+---------------------------------------------------------------------------------------------------------------------------------------------------------+
| IOB Name                           | Type             | Direction | IO Standard          | Diff  | Drive    | Slew | Reg (s)      | Resistor | IOB      |
|                                    |                  |           |                      | Term  | Strength | Rate |              |          | Delay    |
+---------------------------------------------------------------------------------------------------------------------------------------------------------+
| rot_angle<0>                       | IOB              | INPUT     | LVCMOS25             |       |          |      |              |          |          |
| rot_angle<1>                       | IOB              | INPUT     | LVCMOS25             |       |          |      |              |          |          |
| rot_angle<2>                       | IOB              | INPUT     | LVCMOS25             |       |          |      |              |          |          |
| rot_angle<3>                       | IOB              | INPUT     | LVCMOS25             |       |          |      |              |          |          |
| rot_angle<4>                       | IOB              | INPUT     | LVCMOS25             |       |          |      |              |          |          |
| rot_angle<5>                       | IOB              | INPUT     | LVCMOS25             |       |          |      |              |          |          |
| rot_angle<6>                       | IOB              | INPUT     | LVCMOS25             |       |          |      |              |          |          |
| rot_angle<7>                       | IOB              | INPUT     | LVCMOS25             |       |          |      |              |          |          |
| rot_vector<0>                      | IOB              | INPUT     | LVCMOS25             |       |          |      |              |          |          |
| rot_vector<1>                      | IOB              | INPUT     | LVCMOS25             |       |          |      |              |          |          |
| rot_vector<2>                      | IOB              | INPUT     | LVCMOS25             |       |          |      |              |          |          |
| rot_vector<3>                      | IOB              | INPUT     | LVCMOS25             |       |          |      |              |          |          |
| rot_vector<4>                      | IOB              | INPUT     | LVCMOS25             |       |          |      |              |          |          |
| rot_vector<5>                      | IOB              | INPUT     | LVCMOS25             |       |          |      |              |          |          |
| rot_vector<6>                      | IOB              | INPUT     | LVCMOS25             |       |          |      |              |          |          |
| rot_vector<7>                      | IOB              | INPUT     | LVCMOS25             |       |          |      |              |          |          |
| rot_vector<8>                      | IOB              | INPUT     | LVCMOS25             |       |          |      |              |          |          |
| rot_vector<9>                      | IOB              | INPUT     | LVCMOS25             |       |          |      |              |          |          |
| rot_vector<10>                     | IOB              | INPUT     | LVCMOS25             |       |          |      |              |          |          |
| rot_vector<11>                     | IOB              | INPUT     | LVCMOS25             |       |          |      |              |          |          |
| rot_vector<12>                     | IOB              | INPUT     | LVCMOS25             |       |          |      |              |          |          |
| rot_vector<13>                     | IOB              | INPUT     | LVCMOS25             |       |          |      |              |          |          |
| rot_vector<14>                     | IOB              | INPUT     | LVCMOS25             |       |          |      |              |          |          |
| rot_vector<15>                     | IOB              | INPUT     | LVCMOS25             |       |          |      |              |          |          |
| rot_vector<16>                     | IOB              | INPUT     | LVCMOS25             |       |          |      |              |          |          |
| rot_vector<17>                     | IOB              | INPUT     | LVCMOS25             |       |          |      |              |          |          |
| rot_vector<18>                     | IOB              | INPUT     | LVCMOS25             |       |          |      |              |          |          |
| rot_vector<19>                     | IOB              | INPUT     | LVCMOS25             |       |          |      |              |          |          |
| rot_vector<20>                     | IOB              | INPUT     | LVCMOS25             |       |          |      |              |          |          |
| rot_vector<21>                     | IOB              | INPUT     | LVCMOS25             |       |          |      |              |          |          |
| rot_vector<22>                     | IOB              | INPUT     | LVCMOS25             |       |          |      |              |          |          |
| rot_vector<23>                     | IOB              | INPUT     | LVCMOS25             |       |          |      |              |          |          |
| rot_vector<24>                     | IOB              | INPUT     | LVCMOS25             |       |          |      |              |          |          |
| rot_vector<25>                     | IOB              | INPUT     | LVCMOS25             |       |          |      |              |          |          |
| rot_vector<26>                     | IOB              | INPUT     | LVCMOS25             |       |          |      |              |          |          |
| rot_vector<27>                     | IOB              | INPUT     | LVCMOS25             |       |          |      |              |          |          |
| rot_vector<28>                     | IOB              | INPUT     | LVCMOS25             |       |          |      |              |          |          |
| rot_vector<29>                     | IOB              | INPUT     | LVCMOS25             |       |          |      |              |          |          |
| rot_vector<30>                     | IOB              | INPUT     | LVCMOS25             |       |          |      |              |          |          |
| rot_vector<31>                     | IOB              | INPUT     | LVCMOS25             |       |          |      |              |          |          |
| rotation_result<0>                 | IOB              | OUTPUT    | LVCMOS25             |       | 12       | SLOW |              |          |          |
| rotation_result<1>                 | IOB              | OUTPUT    | LVCMOS25             |       | 12       | SLOW |              |          |          |
| rotation_result<2>                 | IOB              | OUTPUT    | LVCMOS25             |       | 12       | SLOW |              |          |          |
| rotation_result<3>                 | IOB              | OUTPUT    | LVCMOS25             |       | 12       | SLOW |              |          |          |
| rotation_result<4>                 | IOB              | OUTPUT    | LVCMOS25             |       | 12       | SLOW |              |          |          |
| rotation_result<5>                 | IOB              | OUTPUT    | LVCMOS25             |       | 12       | SLOW |              |          |          |
| rotation_result<6>                 | IOB              | OUTPUT    | LVCMOS25             |       | 12       | SLOW |              |          |          |
| rotation_result<7>                 | IOB              | OUTPUT    | LVCMOS25             |       | 12       | SLOW |              |          |          |
| rotation_result<8>                 | IOB              | OUTPUT    | LVCMOS25             |       | 12       | SLOW |              |          |          |
| rotation_result<9>                 | IOB              | OUTPUT    | LVCMOS25             |       | 12       | SLOW |              |          |          |
| rotation_result<10>                | IOB              | OUTPUT    | LVCMOS25             |       | 12       | SLOW |              |          |          |
| rotation_result<11>                | IOB              | OUTPUT    | LVCMOS25             |       | 12       | SLOW |              |          |          |
| rotation_result<12>                | IOB              | OUTPUT    | LVCMOS25             |       | 12       | SLOW |              |          |          |
| rotation_result<13>                | IOB              | OUTPUT    | LVCMOS25             |       | 12       | SLOW |              |          |          |
| rotation_result<14>                | IOB              | OUTPUT    | LVCMOS25             |       | 12       | SLOW |              |          |          |
| rotation_result<15>                | IOB              | OUTPUT    | LVCMOS25             |       | 12       | SLOW |              |          |          |
| rotation_result<16>                | IOB              | OUTPUT    | LVCMOS25             |       | 12       | SLOW |              |          |          |
| rotation_result<17>                | IOB              | OUTPUT    | LVCMOS25             |       | 12       | SLOW |              |          |          |
| rotation_result<18>                | IOB              | OUTPUT    | LVCMOS25             |       | 12       | SLOW |              |          |          |
| rotation_result<19>                | IOB              | OUTPUT    | LVCMOS25             |       | 12       | SLOW |              |          |          |
| rotation_result<20>                | IOB              | OUTPUT    | LVCMOS25             |       | 12       | SLOW |              |          |          |
| rotation_result<21>                | IOB              | OUTPUT    | LVCMOS25             |       | 12       | SLOW |              |          |          |
| rotation_result<22>                | IOB              | OUTPUT    | LVCMOS25             |       | 12       | SLOW |              |          |          |
| rotation_result<23>                | IOB              | OUTPUT    | LVCMOS25             |       | 12       | SLOW |              |          |          |
| rotation_result<24>                | IOB              | OUTPUT    | LVCMOS25             |       | 12       | SLOW |              |          |          |
| rotation_result<25>                | IOB              | OUTPUT    | LVCMOS25             |       | 12       | SLOW |              |          |          |
| rotation_result<26>                | IOB              | OUTPUT    | LVCMOS25             |       | 12       | SLOW |              |          |          |
| rotation_result<27>                | IOB              | OUTPUT    | LVCMOS25             |       | 12       | SLOW |              |          |          |
| rotation_result<28>                | IOB              | OUTPUT    | LVCMOS25             |       | 12       | SLOW |              |          |          |
| rotation_result<29>                | IOB              | OUTPUT    | LVCMOS25             |       | 12       | SLOW |              |          |          |
| rotation_result<30>                | IOB              | OUTPUT    | LVCMOS25             |       | 12       | SLOW |              |          |          |
| rotation_result<31>                | IOB              | OUTPUT    | LVCMOS25             |       | 12       | SLOW |              |          |          |
| vectorin_result<0>                 | IOB              | OUTPUT    | LVCMOS25             |       | 12       | SLOW |              |          |          |
| vectorin_result<1>                 | IOB              | OUTPUT    | LVCMOS25             |       | 12       | SLOW |              |          |          |
| vectorin_result<2>                 | IOB              | OUTPUT    | LVCMOS25             |       | 12       | SLOW |              |          |          |
| vectorin_result<3>                 | IOB              | OUTPUT    | LVCMOS25             |       | 12       | SLOW |              |          |          |
| vectorin_result<4>                 | IOB              | OUTPUT    | LVCMOS25             |       | 12       | SLOW |              |          |          |
| vectorin_result<5>                 | IOB              | OUTPUT    | LVCMOS25             |       | 12       | SLOW |              |          |          |
| vectorin_result<6>                 | IOB              | OUTPUT    | LVCMOS25             |       | 12       | SLOW |              |          |          |
| vectorin_result<7>                 | IOB              | OUTPUT    | LVCMOS25             |       | 12       | SLOW |              |          |          |
| vectorin_result<8>                 | IOB              | OUTPUT    | LVCMOS25             |       | 12       | SLOW |              |          |          |
| vectorin_result<9>                 | IOB              | OUTPUT    | LVCMOS25             |       | 12       | SLOW |              |          |          |
| vectorin_result<10>                | IOB              | OUTPUT    | LVCMOS25             |       | 12       | SLOW |              |          |          |
| vectorin_result<11>                | IOB              | OUTPUT    | LVCMOS25             |       | 12       | SLOW |              |          |          |
| vectorin_result<12>                | IOB              | OUTPUT    | LVCMOS25             |       | 12       | SLOW |              |          |          |
| vectorin_result<13>                | IOB              | OUTPUT    | LVCMOS25             |       | 12       | SLOW |              |          |          |
| vectorin_result<14>                | IOB              | OUTPUT    | LVCMOS25             |       | 12       | SLOW |              |          |          |
| vectorin_result<15>                | IOB              | OUTPUT    | LVCMOS25             |       | 12       | SLOW |              |          |          |
| vectorin_result<16>                | IOB              | OUTPUT    | LVCMOS25             |       | 12       | SLOW |              |          |          |
| vectorin_result<17>                | IOB              | OUTPUT    | LVCMOS25             |       | 12       | SLOW |              |          |          |
| vectorin_result<18>                | IOB              | OUTPUT    | LVCMOS25             |       | 12       | SLOW |              |          |          |
| vectorin_result<19>                | IOB              | OUTPUT    | LVCMOS25             |       | 12       | SLOW |              |          |          |
| vectorin_result<20>                | IOB              | OUTPUT    | LVCMOS25             |       | 12       | SLOW |              |          |          |
| vectorin_result<21>                | IOB              | OUTPUT    | LVCMOS25             |       | 12       | SLOW |              |          |          |
| vectorin_result<22>                | IOB              | OUTPUT    | LVCMOS25             |       | 12       | SLOW |              |          |          |
| vectorin_result<23>                | IOB              | OUTPUT    | LVCMOS25             |       | 12       | SLOW |              |          |          |
| vectorin_result<24>                | IOB              | OUTPUT    | LVCMOS25             |       | 12       | SLOW |              |          |          |
| vectorin_result<25>                | IOB              | OUTPUT    | LVCMOS25             |       | 12       | SLOW |              |          |          |
| vectorin_result<26>                | IOB              | OUTPUT    | LVCMOS25             |       | 12       | SLOW |              |          |          |
| vectorin_result<27>                | IOB              | OUTPUT    | LVCMOS25             |       | 12       | SLOW |              |          |          |
| vectorin_result<28>                | IOB              | OUTPUT    | LVCMOS25             |       | 12       | SLOW |              |          |          |
| vectorin_result<29>                | IOB              | OUTPUT    | LVCMOS25             |       | 12       | SLOW |              |          |          |
| vectorin_result<30>                | IOB              | OUTPUT    | LVCMOS25             |       | 12       | SLOW |              |          |          |
| vectorin_result<31>                | IOB              | OUTPUT    | LVCMOS25             |       | 12       | SLOW |              |          |          |
| vectoring_vector<0>                | IOB              | INPUT     | LVCMOS25             |       |          |      |              |          |          |
| vectoring_vector<1>                | IOB              | INPUT     | LVCMOS25             |       |          |      |              |          |          |
| vectoring_vector<2>                | IOB              | INPUT     | LVCMOS25             |       |          |      |              |          |          |
| vectoring_vector<3>                | IOB              | INPUT     | LVCMOS25             |       |          |      |              |          |          |
| vectoring_vector<4>                | IOB              | INPUT     | LVCMOS25             |       |          |      |              |          |          |
| vectoring_vector<5>                | IOB              | INPUT     | LVCMOS25             |       |          |      |              |          |          |
| vectoring_vector<6>                | IOB              | INPUT     | LVCMOS25             |       |          |      |              |          |          |
| vectoring_vector<7>                | IOB              | INPUT     | LVCMOS25             |       |          |      |              |          |          |
| vectoring_vector<8>                | IOB              | INPUT     | LVCMOS25             |       |          |      |              |          |          |
| vectoring_vector<9>                | IOB              | INPUT     | LVCMOS25             |       |          |      |              |          |          |
| vectoring_vector<10>               | IOB              | INPUT     | LVCMOS25             |       |          |      |              |          |          |
| vectoring_vector<11>               | IOB              | INPUT     | LVCMOS25             |       |          |      |              |          |          |
| vectoring_vector<12>               | IOB              | INPUT     | LVCMOS25             |       |          |      |              |          |          |
| vectoring_vector<13>               | IOB              | INPUT     | LVCMOS25             |       |          |      |              |          |          |
| vectoring_vector<14>               | IOB              | INPUT     | LVCMOS25             |       |          |      |              |          |          |
| vectoring_vector<15>               | IOB              | INPUT     | LVCMOS25             |       |          |      |              |          |          |
| vectoring_vector<16>               | IOB              | INPUT     | LVCMOS25             |       |          |      |              |          |          |
| vectoring_vector<17>               | IOB              | INPUT     | LVCMOS25             |       |          |      |              |          |          |
| vectoring_vector<18>               | IOB              | INPUT     | LVCMOS25             |       |          |      |              |          |          |
| vectoring_vector<19>               | IOB              | INPUT     | LVCMOS25             |       |          |      |              |          |          |
| vectoring_vector<20>               | IOB              | INPUT     | LVCMOS25             |       |          |      |              |          |          |
| vectoring_vector<21>               | IOB              | INPUT     | LVCMOS25             |       |          |      |              |          |          |
| vectoring_vector<22>               | IOB              | INPUT     | LVCMOS25             |       |          |      |              |          |          |
| vectoring_vector<23>               | IOB              | INPUT     | LVCMOS25             |       |          |      |              |          |          |
| vectoring_vector<24>               | IOB              | INPUT     | LVCMOS25             |       |          |      |              |          |          |
| vectoring_vector<25>               | IOB              | INPUT     | LVCMOS25             |       |          |      |              |          |          |
| vectoring_vector<26>               | IOB              | INPUT     | LVCMOS25             |       |          |      |              |          |          |
| vectoring_vector<27>               | IOB              | INPUT     | LVCMOS25             |       |          |      |              |          |          |
| vectoring_vector<28>               | IOB              | INPUT     | LVCMOS25             |       |          |      |              |          |          |
| vectoring_vector<29>               | IOB              | INPUT     | LVCMOS25             |       |          |      |              |          |          |
| vectoring_vector<30>               | IOB              | INPUT     | LVCMOS25             |       |          |      |              |          |          |
| vectoring_vector<31>               | IOB              | INPUT     | LVCMOS25             |       |          |      |              |          |          |
+---------------------------------------------------------------------------------------------------------------------------------------------------------+

Section 7 - RPMs
----------------

Section 8 - Guide Report
------------------------
Guide not run on this design.

Section 9 - Area Group and Partition Summary
--------------------------------------------

Partition Implementation Status
-------------------------------

  No Partitions were found in this design.

-------------------------------

Area Group Information
----------------------

  No area groups were found in this design.

----------------------

Section 10 - Timing Report
--------------------------
A logic-level (pre-route) timing report can be generated by using Xilinx static
timing analysis tools, Timing Analyzer (GUI) or TRCE (command line), with the
mapped NCD and PCF files. Please note that this timing report will be generated
using estimated delay information. For accurate numbers, please generate a
timing report with the post Place and Route NCD file.

For more information about the Timing Analyzer, consult the Xilinx Timing
Analyzer Reference Manual; for more information about TRCE, consult the Xilinx
Command Line Tools User Guide "TRACE" chapter.

Section 11 - Configuration String Details
-----------------------------------------
Use the "-detail" map option to print out Configuration Strings

Section 12 - Control Set Information
------------------------------------
Use the "-detail" map option to print out Control Set Information.

Section 13 - Utilization by Hierarchy
-------------------------------------
Use the "-detail" map option to print out the Utilization by Hierarchy section.
